<?xml version="1.0" encoding="UTF-8"?>
<testng-results ignored="0" total="4" passed="4" failed="0" skipped="0">
  <reporter-output>
  </reporter-output>
  <suite started-at="2021-10-21T12:37:01 IST" name="Default suite" finished-at="2021-10-21T12:37:33 IST" duration-ms="31698">
    <groups>
    </groups>
    <test started-at="2021-10-21T12:37:01 IST" name="Default test" finished-at="2021-10-21T12:37:33 IST" duration-ms="31698">
      <class name="com.mindtree.runner.TestValues">
        <test-method is-config="true" signature="url()[pri:0, instance:com.mindtree.runner.TestValues@4681c175]" started-at="2021-10-21T12:37:01 IST" name="url" finished-at="2021-10-21T12:37:06 IST" duration-ms="5624" status="PASS">
          <reporter-output>
          </reporter-output>
        </test-method> <!-- url -->
        <test-method signature="buyMug(java.lang.String)[pri:1, instance:com.mindtree.runner.TestValues@4681c175]" started-at="2021-10-21T12:37:07 IST" name="buyMug" data-provider="quantity" finished-at="2021-10-21T12:37:13 IST" duration-ms="6068" status="PASS">
          <params>
            <param index="0">
              <value>
                <![CDATA[3]]>
              </value>
            </param>
          </params>
          <reporter-output>
          </reporter-output>
        </test-method> <!-- buyMug -->
        <test-method signature="searchPouch()[pri:2, instance:com.mindtree.runner.TestValues@4681c175]" started-at="2021-10-21T12:37:13 IST" name="searchPouch" finished-at="2021-10-21T12:37:20 IST" duration-ms="7690" status="PASS">
          <reporter-output>
          </reporter-output>
        </test-method> <!-- searchPouch -->
        <test-method signature="searchBook()[pri:3, instance:com.mindtree.runner.TestValues@4681c175]" started-at="2021-10-21T12:37:20 IST" name="searchBook" finished-at="2021-10-21T12:37:25 IST" duration-ms="4611" status="PASS">
          <reporter-output>
          </reporter-output>
        </test-method> <!-- searchBook -->
        <test-method signature="cart()[pri:4, instance:com.mindtree.runner.TestValues@4681c175]" started-at="2021-10-21T12:37:25 IST" name="cart" finished-at="2021-10-21T12:37:27 IST" duration-ms="2204" status="PASS">
          <reporter-output>
          </reporter-output>
        </test-method> <!-- cart -->
        <test-method is-config="true" signature="close()[pri:0, instance:com.mindtree.runner.TestValues@4681c175]" started-at="2021-10-21T12:37:27 IST" name="close" finished-at="2021-10-21T12:37:33 IST" duration-ms="5446" status="PASS">
          <reporter-output>
          </reporter-output>
        </test-method> <!-- close -->
      </class> <!-- com.mindtree.runner.TestValues -->
    </test> <!-- Default test -->
  </suite> <!-- Default suite -->
</testng-results>
