<?xml version="1.0" encoding="UTF-8"?>
<!-- Generated by org.testng.reporters.JUnitXMLReporter -->
<testsuite ignored="0" hostname="DESKTOP-MG9B9KT" failures="0" tests="4" name="Default test" time="31.698" errors="0" timestamp="2021-10-21T12:37:33 IST">
  <testcase classname="com.mindtree.runner.TestValues" name="buyMug" time="6.068"/>
  <testcase classname="com.mindtree.runner.TestValues" name="searchPouch" time="7.69"/>
  <testcase classname="com.mindtree.runner.TestValues" name="searchBook" time="4.611"/>
  <testcase classname="com.mindtree.runner.TestValues" name="cart" time="2.204"/>
</testsuite> <!-- Default test -->
