<?xml version="1.0" encoding="UTF-8"?>
<testng-results ignored="0" total="4" passed="4" failed="0" skipped="0">
  <reporter-output>
  </reporter-output>
  <suite started-at="2021-10-22T07:13:56Z" name="Default suite" finished-at="2021-10-22T07:14:30Z" duration-ms="34182">
    <groups>
    </groups>
    <test started-at="2021-10-22T07:13:56Z" name="Default test" finished-at="2021-10-22T07:14:30Z" duration-ms="34182">
      <class name="com.mindtree.runner.TestValues">
        <test-method is-config="true" signature="url()[pri:0, instance:com.mindtree.runner.TestValues@19e4fcac]" started-at="2021-10-22T07:13:56Z" name="url" finished-at="2021-10-22T07:14:02Z" duration-ms="5763" status="PASS">
          <reporter-output>
          </reporter-output>
        </test-method> <!-- url -->
        <test-method signature="buyMug(java.lang.String)[pri:1, instance:com.mindtree.runner.TestValues@19e4fcac]" started-at="2021-10-22T07:14:02Z" name="buyMug" data-provider="quantity" finished-at="2021-10-22T07:14:07Z" duration-ms="5758" status="PASS">
          <params>
            <param index="0">
              <value>
                <![CDATA[3]]>
              </value>
            </param>
          </params>
          <reporter-output>
          </reporter-output>
        </test-method> <!-- buyMug -->
        <test-method signature="searchPouch()[pri:2, instance:com.mindtree.runner.TestValues@19e4fcac]" started-at="2021-10-22T07:14:07Z" name="searchPouch" finished-at="2021-10-22T07:14:16Z" duration-ms="8457" status="PASS">
          <reporter-output>
          </reporter-output>
        </test-method> <!-- searchPouch -->
        <test-method signature="searchBook()[pri:3, instance:com.mindtree.runner.TestValues@19e4fcac]" started-at="2021-10-22T07:14:16Z" name="searchBook" finished-at="2021-10-22T07:14:23Z" duration-ms="6714" status="PASS">
          <reporter-output>
          </reporter-output>
        </test-method> <!-- searchBook -->
        <test-method signature="cart()[pri:4, instance:com.mindtree.runner.TestValues@19e4fcac]" started-at="2021-10-22T07:14:23Z" name="cart" finished-at="2021-10-22T07:14:25Z" duration-ms="2008" status="PASS">
          <reporter-output>
          </reporter-output>
        </test-method> <!-- cart -->
        <test-method is-config="true" signature="close()[pri:0, instance:com.mindtree.runner.TestValues@19e4fcac]" started-at="2021-10-22T07:14:25Z" name="close" finished-at="2021-10-22T07:14:30Z" duration-ms="5452" status="PASS">
          <reporter-output>
          </reporter-output>
        </test-method> <!-- close -->
      </class> <!-- com.mindtree.runner.TestValues -->
    </test> <!-- Default test -->
  </suite> <!-- Default suite -->
</testng-results>
